Compilación iniciada a las 09/04/2013 21:53:28.
Proyecto "C:\Documents and Settings\Administrador\Mis documentos\Prueba C\Prueba C\Prueba C.vcxproj" en el nodo 2 (build destinos).
InitializeBuildStatus:
  Se creará "Debug\Prueba C.unsuccessfulbuild" porque se especificó "AlwaysCreate".
ClCompile:
  C:\Archivos de programa\Microsoft Visual Studio 10.0\VC\bin\CL.exe /c /ZI /nologo /W3 /WX- /Od /Oy- /D WIN32 /D _DEBUG /D _CONSOLE /D _UNICODE /D UNICODE /Gm /EHsc /RTC1 /MDd /GS /fp:precise /Zc:wchar_t /Zc:forScope /Fo"Debug\\" /Fd"Debug\vc100.pdb" /Gd /TC /analyze- /errorReport:prompt main.c mensaje.c operaciones.c
  operaciones.c
  mensaje.c
  main.c
  Generando código...
ManifestResourceCompile:
  Todas las salidas están actualizadas.
Link:
  C:\Archivos de programa\Microsoft Visual Studio 10.0\VC\bin\link.exe /ERRORREPORT:PROMPT /OUT:"C:\Documents and Settings\Administrador\Mis documentos\Prueba C\Debug\Prueba C.exe" /INCREMENTAL /NOLOGO kernel32.lib user32.lib gdi32.lib winspool.lib comdlg32.lib advapi32.lib shell32.lib ole32.lib oleaut32.lib uuid.lib odbc32.lib odbccp32.lib /MANIFEST /ManifestFile:"Debug\Prueba C.exe.intermediate.manifest" /MANIFESTUAC:"level='asInvoker' uiAccess='false'" /DEBUG /PDB:"C:\Documents and Settings\Administrador\Mis documentos\Prueba C\Debug\Prueba C.pdb" /SUBSYSTEM:CONSOLE /TLBID:1 /DYNAMICBASE /NXCOMPAT /IMPLIB:"C:\Documents and Settings\Administrador\Mis documentos\Prueba C\Debug\Prueba C.lib" /MACHINE:X86 "Debug\Prueba C.exe.embed.manifest.res"
  Debug\main.obj
  Debug\mensaje.obj
  Debug\operaciones.obj
Manifest:
  C:\Archivos de programa\Microsoft SDKs\Windows\v7.0A\bin\mt.exe /nologo /verbose /out:"Debug\Prueba C.exe.embed.manifest" /manifest "Debug\Prueba C.exe.intermediate.manifest"
  Todas las salidas están actualizadas.
LinkEmbedManifest:
  Todas las salidas están actualizadas.
  Prueba C.vcxproj -> C:\Documents and Settings\Administrador\Mis documentos\Prueba C\Debug\Prueba C.exe
FinalizeBuildStatus:
  Se eliminará el archivo "Debug\Prueba C.unsuccessfulbuild".
  Aplicando tarea Touch a "Debug\Prueba C.lastbuildstate".
Compilación del proyecto terminada "C:\Documents and Settings\Administrador\Mis documentos\Prueba C\Prueba C\Prueba C.vcxproj" (build destinos).

Compilación correcta.

Tiempo transcurrido 00:00:04.85
