Build started 29/06/2014 08:03:35 p.m..
     1>Project "F:\LyC\Proyecto\trunk\Analizador léxico\Analizador léxico\Analizador léxico.vcxproj" on node 2 (build target(s)).
     1>InitializeBuildStatus:
         Creating "Debug\Compilador.unsuccessfulbuild" because "AlwaysCreate" was specified.
       ClCompile:
         C:\Program Files\Microsoft Visual Studio 10.0\VC\bin\CL.exe /c /Zi /nologo /W3 /WX- /Od /Oy- /D WIN32 /D _DEBUG /D _CONSOLE /D _UNICODE /D UNICODE /Gm /EHsc /RTC1 /MDd /GS /fp:precise /Zc:wchar_t /Zc:forScope /Fo"Debug\\" /Fd"Debug\vc100.pdb" /Gd /TC /analyze- /errorReport:prompt gca.c
         gca.c
       ManifestResourceCompile:
         All outputs are up-to-date.
       Link:
         C:\Program Files\Microsoft Visual Studio 10.0\VC\bin\link.exe /ERRORREPORT:PROMPT /OUT:"F:\LyC\Proyecto\trunk\Analizador léxico\Debug\Compilador.exe" /INCREMENTAL /NOLOGO kernel32.lib user32.lib gdi32.lib winspool.lib comdlg32.lib advapi32.lib shell32.lib ole32.lib oleaut32.lib uuid.lib odbc32.lib odbccp32.lib /MANIFEST /ManifestFile:"Debug\Compilador.exe.intermediate.manifest" /MANIFESTUAC:"level='asInvoker' uiAccess='false'" /DEBUG /PDB:"F:\LyC\Proyecto\trunk\Analizador léxico\Debug\Compilador.pdb" /SUBSYSTEM:CONSOLE /TLBID:1 /DYNAMICBASE /NXCOMPAT /IMPLIB:"F:\LyC\Proyecto\trunk\Analizador léxico\Debug\Compilador.lib" /MACHINE:X86 Debug\Compilador.exe.embed.manifest.res
         Debug\AnalizadorLexico.obj
         Debug\Cola.obj
         Debug\gca.obj
         Debug\GCI.obj
         Debug\main.obj
         Debug\Pila.obj
       Manifest:
         C:\Program Files\Microsoft SDKs\Windows\v7.0A\bin\mt.exe /nologo /verbose /out:"Debug\Compilador.exe.embed.manifest" /manifest Debug\Compilador.exe.intermediate.manifest
         All outputs are up-to-date.
       LinkEmbedManifest:
         All outputs are up-to-date.
         Analizador léxico.vcxproj -> F:\LyC\Proyecto\trunk\Analizador léxico\Debug\Compilador.exe
       FinalizeBuildStatus:
         Deleting file "Debug\Compilador.unsuccessfulbuild".
         Touching "Debug\Compilador.lastbuildstate".
     1>Done Building Project "F:\LyC\Proyecto\trunk\Analizador léxico\Analizador léxico\Analizador léxico.vcxproj" (build target(s)).

Build succeeded.

Time Elapsed 00:00:02.48
